<?xml version="1.0" encoding="UTF-8"?>
<testsuite xmlns:xsi="http://www.w3.org/2001/XMLSchema-instance" xsi:noNamespaceSchemaLocation="https://maven.apache.org/surefire/maven-surefire-plugin/xsd/surefire-test-report-3.0.xsd" version="3.0" name="guru.springframework.msscbreweryclient.MsscBreweryClientApplicationTests" time="6.671" tests="1" errors="0" skipped="0" failures="0">
  <properties>
    <property name="sun.desktop" value="windows"/>
    <property name="awt.toolkit" value="sun.awt.windows.WToolkit"/>
    <property name="java.specification.version" value="11"/>
    <property name="sun.cpu.isalist" value="amd64"/>
    <property name="sun.jnu.encoding" value="Cp1251"/>
    <property name="java.class.path" value="E:\ProgrammingPreparation\IdeaProjects\micro\mssc-brewery-client\target\test-classes;E:\ProgrammingPreparation\IdeaProjects\micro\mssc-brewery-client\target\classes;D:\Maven_repo\org\springframework\boot\spring-boot-starter-web\2.1.4.RELEASE\spring-boot-starter-web-2.1.4.RELEASE.jar;D:\Maven_repo\org\springframework\boot\spring-boot-starter\2.1.4.RELEASE\spring-boot-starter-2.1.4.RELEASE.jar;D:\Maven_repo\org\springframework\boot\spring-boot-starter-logging\2.1.4.RELEASE\spring-boot-starter-logging-2.1.4.RELEASE.jar;D:\Maven_repo\ch\qos\logback\logback-classic\1.2.3\logback-classic-1.2.3.jar;D:\Maven_repo\ch\qos\logback\logback-core\1.2.3\logback-core-1.2.3.jar;D:\Maven_repo\org\apache\logging\log4j\log4j-to-slf4j\2.11.2\log4j-to-slf4j-2.11.2.jar;D:\Maven_repo\org\apache\logging\log4j\log4j-api\2.11.2\log4j-api-2.11.2.jar;D:\Maven_repo\org\slf4j\jul-to-slf4j\1.7.26\jul-to-slf4j-1.7.26.jar;D:\Maven_repo\javax\annotation\javax.annotation-api\1.3.2\javax.annotation-api-1.3.2.jar;D:\Maven_repo\org\yaml\snakeyaml\1.23\snakeyaml-1.23.jar;D:\Maven_repo\org\springframework\boot\spring-boot-starter-json\2.1.4.RELEASE\spring-boot-starter-json-2.1.4.RELEASE.jar;D:\Maven_repo\com\fasterxml\jackson\core\jackson-databind\2.9.8\jackson-databind-2.9.8.jar;D:\Maven_repo\com\fasterxml\jackson\core\jackson-annotations\2.9.0\jackson-annotations-2.9.0.jar;D:\Maven_repo\com\fasterxml\jackson\core\jackson-core\2.9.8\jackson-core-2.9.8.jar;D:\Maven_repo\com\fasterxml\jackson\datatype\jackson-datatype-jdk8\2.9.8\jackson-datatype-jdk8-2.9.8.jar;D:\Maven_repo\com\fasterxml\jackson\datatype\jackson-datatype-jsr310\2.9.8\jackson-datatype-jsr310-2.9.8.jar;D:\Maven_repo\com\fasterxml\jackson\module\jackson-module-parameter-names\2.9.8\jackson-module-parameter-names-2.9.8.jar;D:\Maven_repo\org\springframework\boot\spring-boot-starter-tomcat\2.1.4.RELEASE\spring-boot-starter-tomcat-2.1.4.RELEASE.jar;D:\Maven_repo\org\apache\tomcat\embed\tomcat-embed-core\9.0.17\tomcat-embed-core-9.0.17.jar;D:\Maven_repo\org\apache\tomcat\embed\tomcat-embed-el\9.0.17\tomcat-embed-el-9.0.17.jar;D:\Maven_repo\org\apache\tomcat\embed\tomcat-embed-websocket\9.0.17\tomcat-embed-websocket-9.0.17.jar;D:\Maven_repo\org\hibernate\validator\hibernate-validator\6.0.16.Final\hibernate-validator-6.0.16.Final.jar;D:\Maven_repo\javax\validation\validation-api\2.0.1.Final\validation-api-2.0.1.Final.jar;D:\Maven_repo\org\jboss\logging\jboss-logging\3.3.2.Final\jboss-logging-3.3.2.Final.jar;D:\Maven_repo\com\fasterxml\classmate\1.4.0\classmate-1.4.0.jar;D:\Maven_repo\org\springframework\spring-web\5.1.6.RELEASE\spring-web-5.1.6.RELEASE.jar;D:\Maven_repo\org\springframework\spring-beans\5.1.6.RELEASE\spring-beans-5.1.6.RELEASE.jar;D:\Maven_repo\org\springframework\spring-webmvc\5.1.6.RELEASE\spring-webmvc-5.1.6.RELEASE.jar;D:\Maven_repo\org\springframework\spring-aop\5.1.6.RELEASE\spring-aop-5.1.6.RELEASE.jar;D:\Maven_repo\org\springframework\spring-context\5.1.6.RELEASE\spring-context-5.1.6.RELEASE.jar;D:\Maven_repo\org\springframework\spring-expression\5.1.6.RELEASE\spring-expression-5.1.6.RELEASE.jar;D:\Maven_repo\org\springframework\boot\spring-boot-devtools\2.1.4.RELEASE\spring-boot-devtools-2.1.4.RELEASE.jar;D:\Maven_repo\org\springframework\boot\spring-boot\2.1.4.RELEASE\spring-boot-2.1.4.RELEASE.jar;D:\Maven_repo\org\springframework\boot\spring-boot-autoconfigure\2.1.4.RELEASE\spring-boot-autoconfigure-2.1.4.RELEASE.jar;D:\Maven_repo\org\projectlombok\lombok\1.18.6\lombok-1.18.6.jar;D:\Maven_repo\org\apache\httpcomponents\httpasyncclient\4.1.4\httpasyncclient-4.1.4.jar;D:\Maven_repo\org\apache\httpcomponents\httpcore\4.4.11\httpcore-4.4.11.jar;D:\Maven_repo\org\apache\httpcomponents\httpcore-nio\4.4.11\httpcore-nio-4.4.11.jar;D:\Maven_repo\org\apache\httpcomponents\httpclient\4.5.8\httpclient-4.5.8.jar;D:\Maven_repo\commons-codec\commons-codec\1.11\commons-codec-1.11.jar;D:\Maven_repo\org\springframework\boot\spring-boot-starter-test\2.1.4.RELEASE\spring-boot-starter-test-2.1.4.RELEASE.jar;D:\Maven_repo\org\springframework\boot\spring-boot-test\2.1.4.RELEASE\spring-boot-test-2.1.4.RELEASE.jar;D:\Maven_repo\org\springframework\boot\spring-boot-test-autoconfigure\2.1.4.RELEASE\spring-boot-test-autoconfigure-2.1.4.RELEASE.jar;D:\Maven_repo\com\jayway\jsonpath\json-path\2.4.0\json-path-2.4.0.jar;D:\Maven_repo\net\minidev\json-smart\2.3\json-smart-2.3.jar;D:\Maven_repo\net\minidev\accessors-smart\1.2\accessors-smart-1.2.jar;D:\Maven_repo\org\ow2\asm\asm\5.0.4\asm-5.0.4.jar;D:\Maven_repo\org\slf4j\slf4j-api\1.7.26\slf4j-api-1.7.26.jar;D:\Maven_repo\org\assertj\assertj-core\3.11.1\assertj-core-3.11.1.jar;D:\Maven_repo\org\mockito\mockito-core\2.23.4\mockito-core-2.23.4.jar;D:\Maven_repo\net\bytebuddy\byte-buddy\1.9.12\byte-buddy-1.9.12.jar;D:\Maven_repo\net\bytebuddy\byte-buddy-agent\1.9.12\byte-buddy-agent-1.9.12.jar;D:\Maven_repo\org\objenesis\objenesis\2.6\objenesis-2.6.jar;D:\Maven_repo\org\hamcrest\hamcrest-core\1.3\hamcrest-core-1.3.jar;D:\Maven_repo\org\hamcrest\hamcrest-library\1.3\hamcrest-library-1.3.jar;D:\Maven_repo\org\skyscreamer\jsonassert\1.5.0\jsonassert-1.5.0.jar;D:\Maven_repo\com\vaadin\external\google\android-json\0.0.20131108.vaadin1\android-json-0.0.20131108.vaadin1.jar;D:\Maven_repo\org\springframework\spring-core\5.1.6.RELEASE\spring-core-5.1.6.RELEASE.jar;D:\Maven_repo\org\springframework\spring-jcl\5.1.6.RELEASE\spring-jcl-5.1.6.RELEASE.jar;D:\Maven_repo\org\springframework\spring-test\5.1.6.RELEASE\spring-test-5.1.6.RELEASE.jar;D:\Maven_repo\org\xmlunit\xmlunit-core\2.6.2\xmlunit-core-2.6.2.jar;D:\Maven_repo\javax\xml\bind\jaxb-api\2.3.1\jaxb-api-2.3.1.jar;D:\Maven_repo\javax\activation\javax.activation-api\1.2.0\javax.activation-api-1.2.0.jar;D:\Maven_repo\org\junit\jupiter\junit-jupiter-api\5.3.2\junit-jupiter-api-5.3.2.jar;D:\Maven_repo\org\apiguardian\apiguardian-api\1.0.0\apiguardian-api-1.0.0.jar;D:\Maven_repo\org\opentest4j\opentest4j\1.1.1\opentest4j-1.1.1.jar;D:\Maven_repo\org\junit\platform\junit-platform-commons\1.3.2\junit-platform-commons-1.3.2.jar;D:\Maven_repo\org\junit\jupiter\junit-jupiter-engine\5.3.2\junit-jupiter-engine-5.3.2.jar;D:\Maven_repo\org\junit\platform\junit-platform-engine\1.3.2\junit-platform-engine-1.3.2.jar;D:\Maven_repo\org\mockito\mockito-junit-jupiter\2.23.4\mockito-junit-jupiter-2.23.4.jar;"/>
    <property name="java.vm.vendor" value="AdoptOpenJDK"/>
    <property name="sun.arch.data.model" value="64"/>
    <property name="user.variant" value=""/>
    <property name="java.vendor.url" value="https://adoptopenjdk.net/"/>
    <property name="user.timezone" value="Europe/Helsinki"/>
    <property name="java.vm.specification.version" value="11"/>
    <property name="os.name" value="Windows 10"/>
    <property name="sun.java.launcher" value="SUN_STANDARD"/>
    <property name="user.country" value="US"/>
    <property name="sun.boot.library.path" value="C:\Program Files\AdoptOpenJDK-11\jdk-11.0.7.10-hotspot\bin"/>
    <property name="sun.java.command" value="C:\Users\user\AppData\Local\Temp\surefire17430116543924810095\surefirebooter310890965001910197.jar C:\Users\user\AppData\Local\Temp\surefire17430116543924810095 2021-05-07T19-04-46_445-jvmRun1 surefire10519910413209566086tmp surefire_07448063437426034731tmp"/>
    <property name="jdk.debug" value="release"/>
    <property name="surefire.test.class.path" value="E:\ProgrammingPreparation\IdeaProjects\micro\mssc-brewery-client\target\test-classes;E:\ProgrammingPreparation\IdeaProjects\micro\mssc-brewery-client\target\classes;D:\Maven_repo\org\springframework\boot\spring-boot-starter-web\2.1.4.RELEASE\spring-boot-starter-web-2.1.4.RELEASE.jar;D:\Maven_repo\org\springframework\boot\spring-boot-starter\2.1.4.RELEASE\spring-boot-starter-2.1.4.RELEASE.jar;D:\Maven_repo\org\springframework\boot\spring-boot-starter-logging\2.1.4.RELEASE\spring-boot-starter-logging-2.1.4.RELEASE.jar;D:\Maven_repo\ch\qos\logback\logback-classic\1.2.3\logback-classic-1.2.3.jar;D:\Maven_repo\ch\qos\logback\logback-core\1.2.3\logback-core-1.2.3.jar;D:\Maven_repo\org\apache\logging\log4j\log4j-to-slf4j\2.11.2\log4j-to-slf4j-2.11.2.jar;D:\Maven_repo\org\apache\logging\log4j\log4j-api\2.11.2\log4j-api-2.11.2.jar;D:\Maven_repo\org\slf4j\jul-to-slf4j\1.7.26\jul-to-slf4j-1.7.26.jar;D:\Maven_repo\javax\annotation\javax.annotation-api\1.3.2\javax.annotation-api-1.3.2.jar;D:\Maven_repo\org\yaml\snakeyaml\1.23\snakeyaml-1.23.jar;D:\Maven_repo\org\springframework\boot\spring-boot-starter-json\2.1.4.RELEASE\spring-boot-starter-json-2.1.4.RELEASE.jar;D:\Maven_repo\com\fasterxml\jackson\core\jackson-databind\2.9.8\jackson-databind-2.9.8.jar;D:\Maven_repo\com\fasterxml\jackson\core\jackson-annotations\2.9.0\jackson-annotations-2.9.0.jar;D:\Maven_repo\com\fasterxml\jackson\core\jackson-core\2.9.8\jackson-core-2.9.8.jar;D:\Maven_repo\com\fasterxml\jackson\datatype\jackson-datatype-jdk8\2.9.8\jackson-datatype-jdk8-2.9.8.jar;D:\Maven_repo\com\fasterxml\jackson\datatype\jackson-datatype-jsr310\2.9.8\jackson-datatype-jsr310-2.9.8.jar;D:\Maven_repo\com\fasterxml\jackson\module\jackson-module-parameter-names\2.9.8\jackson-module-parameter-names-2.9.8.jar;D:\Maven_repo\org\springframework\boot\spring-boot-starter-tomcat\2.1.4.RELEASE\spring-boot-starter-tomcat-2.1.4.RELEASE.jar;D:\Maven_repo\org\apache\tomcat\embed\tomcat-embed-core\9.0.17\tomcat-embed-core-9.0.17.jar;D:\Maven_repo\org\apache\tomcat\embed\tomcat-embed-el\9.0.17\tomcat-embed-el-9.0.17.jar;D:\Maven_repo\org\apache\tomcat\embed\tomcat-embed-websocket\9.0.17\tomcat-embed-websocket-9.0.17.jar;D:\Maven_repo\org\hibernate\validator\hibernate-validator\6.0.16.Final\hibernate-validator-6.0.16.Final.jar;D:\Maven_repo\javax\validation\validation-api\2.0.1.Final\validation-api-2.0.1.Final.jar;D:\Maven_repo\org\jboss\logging\jboss-logging\3.3.2.Final\jboss-logging-3.3.2.Final.jar;D:\Maven_repo\com\fasterxml\classmate\1.4.0\classmate-1.4.0.jar;D:\Maven_repo\org\springframework\spring-web\5.1.6.RELEASE\spring-web-5.1.6.RELEASE.jar;D:\Maven_repo\org\springframework\spring-beans\5.1.6.RELEASE\spring-beans-5.1.6.RELEASE.jar;D:\Maven_repo\org\springframework\spring-webmvc\5.1.6.RELEASE\spring-webmvc-5.1.6.RELEASE.jar;D:\Maven_repo\org\springframework\spring-aop\5.1.6.RELEASE\spring-aop-5.1.6.RELEASE.jar;D:\Maven_repo\org\springframework\spring-context\5.1.6.RELEASE\spring-context-5.1.6.RELEASE.jar;D:\Maven_repo\org\springframework\spring-expression\5.1.6.RELEASE\spring-expression-5.1.6.RELEASE.jar;D:\Maven_repo\org\springframework\boot\spring-boot-devtools\2.1.4.RELEASE\spring-boot-devtools-2.1.4.RELEASE.jar;D:\Maven_repo\org\springframework\boot\spring-boot\2.1.4.RELEASE\spring-boot-2.1.4.RELEASE.jar;D:\Maven_repo\org\springframework\boot\spring-boot-autoconfigure\2.1.4.RELEASE\spring-boot-autoconfigure-2.1.4.RELEASE.jar;D:\Maven_repo\org\projectlombok\lombok\1.18.6\lombok-1.18.6.jar;D:\Maven_repo\org\apache\httpcomponents\httpasyncclient\4.1.4\httpasyncclient-4.1.4.jar;D:\Maven_repo\org\apache\httpcomponents\httpcore\4.4.11\httpcore-4.4.11.jar;D:\Maven_repo\org\apache\httpcomponents\httpcore-nio\4.4.11\httpcore-nio-4.4.11.jar;D:\Maven_repo\org\apache\httpcomponents\httpclient\4.5.8\httpclient-4.5.8.jar;D:\Maven_repo\commons-codec\commons-codec\1.11\commons-codec-1.11.jar;D:\Maven_repo\org\springframework\boot\spring-boot-starter-test\2.1.4.RELEASE\spring-boot-starter-test-2.1.4.RELEASE.jar;D:\Maven_repo\org\springframework\boot\spring-boot-test\2.1.4.RELEASE\spring-boot-test-2.1.4.RELEASE.jar;D:\Maven_repo\org\springframework\boot\spring-boot-test-autoconfigure\2.1.4.RELEASE\spring-boot-test-autoconfigure-2.1.4.RELEASE.jar;D:\Maven_repo\com\jayway\jsonpath\json-path\2.4.0\json-path-2.4.0.jar;D:\Maven_repo\net\minidev\json-smart\2.3\json-smart-2.3.jar;D:\Maven_repo\net\minidev\accessors-smart\1.2\accessors-smart-1.2.jar;D:\Maven_repo\org\ow2\asm\asm\5.0.4\asm-5.0.4.jar;D:\Maven_repo\org\slf4j\slf4j-api\1.7.26\slf4j-api-1.7.26.jar;D:\Maven_repo\org\assertj\assertj-core\3.11.1\assertj-core-3.11.1.jar;D:\Maven_repo\org\mockito\mockito-core\2.23.4\mockito-core-2.23.4.jar;D:\Maven_repo\net\bytebuddy\byte-buddy\1.9.12\byte-buddy-1.9.12.jar;D:\Maven_repo\net\bytebuddy\byte-buddy-agent\1.9.12\byte-buddy-agent-1.9.12.jar;D:\Maven_repo\org\objenesis\objenesis\2.6\objenesis-2.6.jar;D:\Maven_repo\org\hamcrest\hamcrest-core\1.3\hamcrest-core-1.3.jar;D:\Maven_repo\org\hamcrest\hamcrest-library\1.3\hamcrest-library-1.3.jar;D:\Maven_repo\org\skyscreamer\jsonassert\1.5.0\jsonassert-1.5.0.jar;D:\Maven_repo\com\vaadin\external\google\android-json\0.0.20131108.vaadin1\android-json-0.0.20131108.vaadin1.jar;D:\Maven_repo\org\springframework\spring-core\5.1.6.RELEASE\spring-core-5.1.6.RELEASE.jar;D:\Maven_repo\org\springframework\spring-jcl\5.1.6.RELEASE\spring-jcl-5.1.6.RELEASE.jar;D:\Maven_repo\org\springframework\spring-test\5.1.6.RELEASE\spring-test-5.1.6.RELEASE.jar;D:\Maven_repo\org\xmlunit\xmlunit-core\2.6.2\xmlunit-core-2.6.2.jar;D:\Maven_repo\javax\xml\bind\jaxb-api\2.3.1\jaxb-api-2.3.1.jar;D:\Maven_repo\javax\activation\javax.activation-api\1.2.0\javax.activation-api-1.2.0.jar;D:\Maven_repo\org\junit\jupiter\junit-jupiter-api\5.3.2\junit-jupiter-api-5.3.2.jar;D:\Maven_repo\org\apiguardian\apiguardian-api\1.0.0\apiguardian-api-1.0.0.jar;D:\Maven_repo\org\opentest4j\opentest4j\1.1.1\opentest4j-1.1.1.jar;D:\Maven_repo\org\junit\platform\junit-platform-commons\1.3.2\junit-platform-commons-1.3.2.jar;D:\Maven_repo\org\junit\jupiter\junit-jupiter-engine\5.3.2\junit-jupiter-engine-5.3.2.jar;D:\Maven_repo\org\junit\platform\junit-platform-engine\1.3.2\junit-platform-engine-1.3.2.jar;D:\Maven_repo\org\mockito\mockito-junit-jupiter\2.23.4\mockito-junit-jupiter-2.23.4.jar;"/>
    <property name="sun.cpu.endian" value="little"/>
    <property name="user.home" value="C:\Users\user"/>
    <property name="user.language" value="en"/>
    <property name="java.specification.vendor" value="Oracle Corporation"/>
    <property name="java.version.date" value="2020-04-14"/>
    <property name="java.home" value="C:\Program Files\AdoptOpenJDK-11\jdk-11.0.7.10-hotspot"/>
    <property name="file.separator" value="\"/>
    <property name="basedir" value="E:\ProgrammingPreparation\IdeaProjects\micro\mssc-brewery-client"/>
    <property name="java.vm.compressedOopsMode" value="Zero based"/>
    <property name="line.separator" value="&#10;"/>
    <property name="java.specification.name" value="Java Platform API Specification"/>
    <property name="java.vm.specification.vendor" value="Oracle Corporation"/>
    <property name="java.awt.graphicsenv" value="sun.awt.Win32GraphicsEnvironment"/>
    <property name="surefire.real.class.path" value="C:\Users\user\AppData\Local\Temp\surefire17430116543924810095\surefirebooter310890965001910197.jar"/>
    <property name="user.script" value=""/>
    <property name="sun.management.compiler" value="HotSpot 64-Bit Tiered Compilers"/>
    <property name="java.runtime.version" value="11.0.7+10"/>
    <property name="user.name" value="user"/>
    <property name="path.separator" value=";"/>
    <property name="os.version" value="10.0"/>
    <property name="java.runtime.name" value="OpenJDK Runtime Environment"/>
    <property name="file.encoding" value="Cp1251"/>
    <property name="java.vm.name" value="OpenJDK 64-Bit Server VM"/>
    <property name="java.vendor.version" value="AdoptOpenJDK"/>
    <property name="localRepository" value="D:\Maven_repo"/>
    <property name="java.vendor.url.bug" value="https://github.com/AdoptOpenJDK/openjdk-support/issues"/>
    <property name="java.io.tmpdir" value="C:\Users\user\AppData\Local\Temp\"/>
    <property name="java.version" value="11.0.7"/>
    <property name="user.dir" value="E:\ProgrammingPreparation\IdeaProjects\micro\mssc-brewery-client"/>
    <property name="os.arch" value="amd64"/>
    <property name="java.vm.specification.name" value="Java Virtual Machine Specification"/>
    <property name="java.awt.printerjob" value="sun.awt.windows.WPrinterJob"/>
    <property name="sun.os.patch.level" value=""/>
    <property name="java.library.path" value="C:\Program Files\AdoptOpenJDK-11\jdk-11.0.7.10-hotspot\bin;C:\Windows\Sun\Java\bin;C:\Windows\system32;C:\Windows;C:\Python39\Scripts\;C:\Python39\;C:\Program Files\AdoptOpenJDK-11\jdk-11.0.7.10-hotspot\bin;C:\Windows\system32;C:\Windows;C:\Windows\System32\Wbem;C:\Windows\System32\WindowsPowerShell\v1.0\;C:\Windows\System32\OpenSSH\;C:\Program Files\apache-maven-3.6.3\bin;C:\Program Files (x86)\Yarn\bin\;C:\Program Files\Git\cmd;C:\Program Files\nodejs\;C:\ProgramData\chocolatey\bin;C:\Program Files\MySQL\MySQL Shell 8.0\bin\;C:\Users\user\AppData\Local\Microsoft\WindowsApps;C:\Users\user\AppData\Local\Programs\Microsoft VS Code\bin;C:\Program Files\liquibase;C:\Users\user\AppData\Local\Yarn\bin;C:\Program Files\heroku\bin;C:\Program Files\JetBrains\IntelliJ IDEA 2021.1\bin;;C:\Program Files\Tomcat 9.0\lib\servlet-api.jar;C:\Program Files\Tomcat 9.0\bin;C:\Program Files\Tomcat 9.0\lib\servlet-api.jar;C:\Users\user\AppData\Roaming\npm;;."/>
    <property name="java.vendor" value="AdoptOpenJDK"/>
    <property name="java.vm.info" value="mixed mode"/>
    <property name="java.vm.version" value="11.0.7+10"/>
    <property name="sun.io.unicode.encoding" value="UnicodeLittle"/>
    <property name="java.class.version" value="55.0"/>
  </properties>
  <testcase name="contextLoads" classname="guru.springframework.msscbreweryclient.MsscBreweryClientApplicationTests" time="0"/>
</testsuite>